[ 2017-10-19 21:37:34,077][train_cascade.<module>] tools.train_cascade
[ 2017-10-19 21:37:34,077][train_cascade.<module>] 
{
    "cascade":{
        "data_save_dir":"/mnt/raid/fengji/gcforest/uci_letter/ca-tree500-n4x2-3folds/",
        "early_stopping_rounds":4,
        "estimators":[
            {
                "max_depth":null,
                "max_features":1,
                "n_estimators":500,
                "n_folds":3,
                "n_jobs":-1,
                "type":"ExtraTreesClassifier"
            },
            {
                "max_depth":null,
                "max_features":1,
                "n_estimators":500,
                "n_folds":3,
                "n_jobs":-1,
                "type":"ExtraTreesClassifier"
            },
            {
                "max_depth":null,
                "max_features":1,
                "n_estimators":500,
                "n_folds":3,
                "n_jobs":-1,
                "type":"ExtraTreesClassifier"
            },
            {
                "max_depth":null,
                "max_features":1,
                "n_estimators":500,
                "n_folds":3,
                "n_jobs":-1,
                "type":"ExtraTreesClassifier"
            },
            {
                "max_depth":null,
                "n_estimators":500,
                "n_folds":3,
                "n_jobs":-1,
                "type":"RandomForestClassifier"
            },
            {
                "max_depth":null,
                "n_estimators":500,
                "n_folds":3,
                "n_jobs":-1,
                "type":"RandomForestClassifier"
            },
            {
                "max_depth":null,
                "n_estimators":500,
                "n_folds":3,
                "n_jobs":-1,
                "type":"RandomForestClassifier"
            },
            {
                "max_depth":null,
                "n_estimators":500,
                "n_folds":3,
                "n_jobs":-1,
                "type":"RandomForestClassifier"
            }
        ],
        "n_classes":26,
        "random_state":0
    },
    "dataset":{
        "test":{
            "data_set":"test",
            "layout_x":"vector",
            "type":"uci_letter"
        },
        "train":{
            "data_set":"train",
            "layout_x":"vector",
            "type":"uci_letter"
        }
    }
}
